000 (525281.000.000) 11/29 02:36:49 Job submitted from host: <188.185.8.79:9618?addrs=188.185.8.79-9618+[2001-1458-d00-63--100-23a]-9618&alias=bigbird26.cern.ch&noUDP&sock=schedd_7898_f315>
...
040 (525281.000.000) 11/29 02:38:30 Started transferring input files
	Transferring to host: <188.184.164.124:9618?addrs=188.184.164.124-9618+[2001-1458-301-4e--100-76]-9618&alias=b7s13p3004.cern.ch&noUDP&sock=slot1_2_5021_7fa5_1115>
...
040 (525281.000.000) 11/29 02:38:30 Finished transferring input files
...
001 (525281.000.000) 11/29 02:38:30 Job executing on host: <188.184.164.124:9618?addrs=188.184.164.124-9618+[2001-1458-301-4e--100-76]-9618&alias=b7s13p3004.cern.ch&noUDP&sock=startd_3425_d7f5>
...
006 (525281.000.000) 11/29 02:38:39 Image size of job updated: 93936
	65  -  MemoryUsage of job (MB)
	66060  -  ResidentSetSize of job (KB)
...
006 (525281.000.000) 11/29 02:43:40 Image size of job updated: 77257840
	1470  -  MemoryUsage of job (MB)
	1504632  -  ResidentSetSize of job (KB)
...
006 (525281.000.000) 11/29 02:48:40 Image size of job updated: 77257840
	3252  -  MemoryUsage of job (MB)
	3329416  -  ResidentSetSize of job (KB)
...
006 (525281.000.000) 11/29 02:53:40 Image size of job updated: 77257840
	3255  -  MemoryUsage of job (MB)
	3332812  -  ResidentSetSize of job (KB)
...
006 (525281.000.000) 11/29 02:58:41 Image size of job updated: 77257840
	3273  -  MemoryUsage of job (MB)
	3351340  -  ResidentSetSize of job (KB)
...
006 (525281.000.000) 11/29 03:03:41 Image size of job updated: 77257840
	4069  -  MemoryUsage of job (MB)
	4166288  -  ResidentSetSize of job (KB)
...
006 (525281.000.000) 11/29 03:18:42 Image size of job updated: 77257840
	4137  -  MemoryUsage of job (MB)
	4235868  -  ResidentSetSize of job (KB)
...
006 (525281.000.000) 11/29 03:28:43 Image size of job updated: 77257840
	4164  -  MemoryUsage of job (MB)
	4263552  -  ResidentSetSize of job (KB)
...
006 (525281.000.000) 11/29 03:33:44 Image size of job updated: 77257840
	4215  -  MemoryUsage of job (MB)
	4315376  -  ResidentSetSize of job (KB)
...
006 (525281.000.000) 11/29 03:38:44 Image size of job updated: 77257840
	4273  -  MemoryUsage of job (MB)
	4374944  -  ResidentSetSize of job (KB)
...
006 (525281.000.000) 11/29 03:43:45 Image size of job updated: 77257840
	4323  -  MemoryUsage of job (MB)
	4426600  -  ResidentSetSize of job (KB)
...
006 (525281.000.000) 11/29 03:48:45 Image size of job updated: 77257840
	4507  -  MemoryUsage of job (MB)
	4614572  -  ResidentSetSize of job (KB)
...
006 (525281.000.000) 11/29 03:53:46 Image size of job updated: 77257840
	4604  -  MemoryUsage of job (MB)
	4714060  -  ResidentSetSize of job (KB)
...
006 (525281.000.000) 11/29 03:58:47 Image size of job updated: 77257840
	4801  -  MemoryUsage of job (MB)
	4915816  -  ResidentSetSize of job (KB)
...
006 (525281.000.000) 11/29 04:08:48 Image size of job updated: 77257840
	4891  -  MemoryUsage of job (MB)
	5007872  -  ResidentSetSize of job (KB)
...
006 (525281.000.000) 11/29 04:18:49 Image size of job updated: 77257840
	5519  -  MemoryUsage of job (MB)
	5651228  -  ResidentSetSize of job (KB)
...
006 (525281.000.000) 11/29 04:23:49 Image size of job updated: 77257840
	5519  -  MemoryUsage of job (MB)
	5651272  -  ResidentSetSize of job (KB)
...
006 (525281.000.000) 11/29 04:43:51 Image size of job updated: 77257840
	7510  -  MemoryUsage of job (MB)
	7689788  -  ResidentSetSize of job (KB)
...
006 (525281.000.000) 11/29 04:48:52 Image size of job updated: 77257840
	7512  -  MemoryUsage of job (MB)
	7691816  -  ResidentSetSize of job (KB)
...
006 (525281.000.000) 11/29 05:53:59 Image size of job updated: 77257840
	7590  -  MemoryUsage of job (MB)
	7771960  -  ResidentSetSize of job (KB)
...
006 (525281.000.000) 11/29 05:58:59 Image size of job updated: 77257840
	7806  -  MemoryUsage of job (MB)
	7992636  -  ResidentSetSize of job (KB)
...
006 (525281.000.000) 11/29 06:03:59 Image size of job updated: 77257840
	7989  -  MemoryUsage of job (MB)
	8180124  -  ResidentSetSize of job (KB)
...
006 (525281.000.000) 11/29 06:09:00 Image size of job updated: 77257840
	8093  -  MemoryUsage of job (MB)
	8286380  -  ResidentSetSize of job (KB)
...
006 (525281.000.000) 11/29 06:14:00 Image size of job updated: 77257840
	8136  -  MemoryUsage of job (MB)
	8330568  -  ResidentSetSize of job (KB)
...
006 (525281.000.000) 11/29 06:19:00 Image size of job updated: 77257840
	8340  -  MemoryUsage of job (MB)
	8539816  -  ResidentSetSize of job (KB)
...
006 (525281.000.000) 11/29 06:24:01 Image size of job updated: 77257840
	8341  -  MemoryUsage of job (MB)
	8540308  -  ResidentSetSize of job (KB)
...
006 (525281.000.000) 11/29 06:29:02 Image size of job updated: 77257840
	8596  -  MemoryUsage of job (MB)
	8801500  -  ResidentSetSize of job (KB)
...
006 (525281.000.000) 11/29 06:39:03 Image size of job updated: 77257840
	8863  -  MemoryUsage of job (MB)
	9075708  -  ResidentSetSize of job (KB)
...
006 (525281.000.000) 11/29 06:54:04 Image size of job updated: 77257840
	9013  -  MemoryUsage of job (MB)
	9228884  -  ResidentSetSize of job (KB)
...
006 (525281.000.000) 11/29 06:59:05 Image size of job updated: 77257840
	9137  -  MemoryUsage of job (MB)
	9355456  -  ResidentSetSize of job (KB)
...
006 (525281.000.000) 11/29 07:04:06 Image size of job updated: 77257840
	9284  -  MemoryUsage of job (MB)
	9506200  -  ResidentSetSize of job (KB)
...
006 (525281.000.000) 11/29 07:09:06 Image size of job updated: 77257840
	9354  -  MemoryUsage of job (MB)
	9578296  -  ResidentSetSize of job (KB)
...
006 (525281.000.000) 11/29 07:14:06 Image size of job updated: 77257840
	9542  -  MemoryUsage of job (MB)
	9770708  -  ResidentSetSize of job (KB)
...
006 (525281.000.000) 11/29 07:19:07 Image size of job updated: 77257840
	9682  -  MemoryUsage of job (MB)
	9913992  -  ResidentSetSize of job (KB)
...
006 (525281.000.000) 11/29 07:24:08 Image size of job updated: 77257840
	9788  -  MemoryUsage of job (MB)
	10022592  -  ResidentSetSize of job (KB)
...
006 (525281.000.000) 11/29 07:29:08 Image size of job updated: 77257840
	9910  -  MemoryUsage of job (MB)
	10147428  -  ResidentSetSize of job (KB)
...
006 (525281.000.000) 11/29 07:34:09 Image size of job updated: 77257840
	10038  -  MemoryUsage of job (MB)
	10278564  -  ResidentSetSize of job (KB)
...
006 (525281.000.000) 11/29 07:39:10 Image size of job updated: 77257840
	10198  -  MemoryUsage of job (MB)
	10442724  -  ResidentSetSize of job (KB)
...
006 (525281.000.000) 11/29 07:44:10 Image size of job updated: 77257840
	10382  -  MemoryUsage of job (MB)
	10630396  -  ResidentSetSize of job (KB)
...
006 (525281.000.000) 11/29 07:49:10 Image size of job updated: 77257840
	10486  -  MemoryUsage of job (MB)
	10737288  -  ResidentSetSize of job (KB)
...
006 (525281.000.000) 11/29 07:54:11 Image size of job updated: 77257840
	10514  -  MemoryUsage of job (MB)
	10766304  -  ResidentSetSize of job (KB)
...
006 (525281.000.000) 11/29 07:59:12 Image size of job updated: 77257840
	10629  -  MemoryUsage of job (MB)
	10884064  -  ResidentSetSize of job (KB)
...
006 (525281.000.000) 11/29 08:04:12 Image size of job updated: 77257840
	10763  -  MemoryUsage of job (MB)
	11020584  -  ResidentSetSize of job (KB)
...
006 (525281.000.000) 11/29 08:09:12 Image size of job updated: 77257840
	10988  -  MemoryUsage of job (MB)
	11250812  -  ResidentSetSize of job (KB)
...
006 (525281.000.000) 11/29 08:14:14 Image size of job updated: 77257840
	11167  -  MemoryUsage of job (MB)
	11434444  -  ResidentSetSize of job (KB)
...
006 (525281.000.000) 11/29 08:19:14 Image size of job updated: 77257840
	11372  -  MemoryUsage of job (MB)
	11644296  -  ResidentSetSize of job (KB)
...
006 (525281.000.000) 11/29 08:24:14 Image size of job updated: 77257840
	11543  -  MemoryUsage of job (MB)
	11819072  -  ResidentSetSize of job (KB)
...
006 (525281.000.000) 11/29 08:29:15 Image size of job updated: 77257840
	11778  -  MemoryUsage of job (MB)
	12059964  -  ResidentSetSize of job (KB)
...
006 (525281.000.000) 11/29 08:34:16 Image size of job updated: 77257840
	11792  -  MemoryUsage of job (MB)
	12074576  -  ResidentSetSize of job (KB)
...
006 (525281.000.000) 11/29 08:39:16 Image size of job updated: 77257840
	11838  -  MemoryUsage of job (MB)
	12122060  -  ResidentSetSize of job (KB)
...
006 (525281.000.000) 11/29 08:44:16 Image size of job updated: 77257840
	11984  -  MemoryUsage of job (MB)
	12271196  -  ResidentSetSize of job (KB)
...
006 (525281.000.000) 11/29 08:49:18 Image size of job updated: 77257840
	12156  -  MemoryUsage of job (MB)
	12447348  -  ResidentSetSize of job (KB)
...
006 (525281.000.000) 11/29 08:54:18 Image size of job updated: 77257840
	12355  -  MemoryUsage of job (MB)
	12650824  -  ResidentSetSize of job (KB)
...
006 (525281.000.000) 11/29 08:59:18 Image size of job updated: 77257840
	12407  -  MemoryUsage of job (MB)
	12704024  -  ResidentSetSize of job (KB)
...
006 (525281.000.000) 11/29 09:04:19 Image size of job updated: 77257840
	12560  -  MemoryUsage of job (MB)
	12860764  -  ResidentSetSize of job (KB)
...
006 (525281.000.000) 11/29 09:09:20 Image size of job updated: 77257840
	12779  -  MemoryUsage of job (MB)
	13085012  -  ResidentSetSize of job (KB)
...
006 (525281.000.000) 11/29 09:14:20 Image size of job updated: 77257840
	12964  -  MemoryUsage of job (MB)
	13274832  -  ResidentSetSize of job (KB)
...
006 (525281.000.000) 11/29 09:19:20 Image size of job updated: 77257840
	13090  -  MemoryUsage of job (MB)
	13404004  -  ResidentSetSize of job (KB)
...
006 (525281.000.000) 11/29 09:24:21 Image size of job updated: 77257840
	13250  -  MemoryUsage of job (MB)
	13567268  -  ResidentSetSize of job (KB)
...
006 (525281.000.000) 11/29 09:29:22 Image size of job updated: 77257840
	13458  -  MemoryUsage of job (MB)
	13780464  -  ResidentSetSize of job (KB)
...
006 (525281.000.000) 11/29 09:34:22 Image size of job updated: 77257840
	13600  -  MemoryUsage of job (MB)
	13926112  -  ResidentSetSize of job (KB)
...
006 (525281.000.000) 11/29 09:39:23 Image size of job updated: 77257840
	13687  -  MemoryUsage of job (MB)
	14015288  -  ResidentSetSize of job (KB)
...
006 (525281.000.000) 11/29 09:44:24 Image size of job updated: 77257840
	13861  -  MemoryUsage of job (MB)
	14193612  -  ResidentSetSize of job (KB)
...
006 (525281.000.000) 11/29 09:49:24 Image size of job updated: 77257840
	13963  -  MemoryUsage of job (MB)
	14297836  -  ResidentSetSize of job (KB)
...
006 (525281.000.000) 11/29 09:54:24 Image size of job updated: 77257840
	14141  -  MemoryUsage of job (MB)
	14480176  -  ResidentSetSize of job (KB)
...
006 (525281.000.000) 11/29 09:59:25 Image size of job updated: 77257840
	14309  -  MemoryUsage of job (MB)
	14651720  -  ResidentSetSize of job (KB)
...
006 (525281.000.000) 11/29 10:04:25 Image size of job updated: 77257840
	14399  -  MemoryUsage of job (MB)
	14744368  -  ResidentSetSize of job (KB)
...
006 (525281.000.000) 11/29 10:09:25 Image size of job updated: 77257840
	14496  -  MemoryUsage of job (MB)
	14843432  -  ResidentSetSize of job (KB)
...
006 (525281.000.000) 11/29 10:54:31 Image size of job updated: 77257840
	14580  -  MemoryUsage of job (MB)
	14928920  -  ResidentSetSize of job (KB)
...
006 (525281.000.000) 11/29 10:59:31 Image size of job updated: 77257840
	14746  -  MemoryUsage of job (MB)
	15099832  -  ResidentSetSize of job (KB)
...
006 (525281.000.000) 11/29 11:04:32 Image size of job updated: 77257840
	14968  -  MemoryUsage of job (MB)
	15327200  -  ResidentSetSize of job (KB)
...
006 (525281.000.000) 11/29 11:09:33 Image size of job updated: 77257840
	15103  -  MemoryUsage of job (MB)
	15465308  -  ResidentSetSize of job (KB)
...
006 (525281.000.000) 11/29 11:14:33 Image size of job updated: 77257840
	15328  -  MemoryUsage of job (MB)
	15695136  -  ResidentSetSize of job (KB)
...
006 (525281.000.000) 11/29 11:19:33 Image size of job updated: 77257840
	15439  -  MemoryUsage of job (MB)
	15809428  -  ResidentSetSize of job (KB)
...
006 (525281.000.000) 11/29 11:24:34 Image size of job updated: 77257840
	15578  -  MemoryUsage of job (MB)
	15951052  -  ResidentSetSize of job (KB)
...
006 (525281.000.000) 11/29 11:29:35 Image size of job updated: 77257840
	15741  -  MemoryUsage of job (MB)
	16118276  -  ResidentSetSize of job (KB)
...
040 (525281.000.000) 11/29 11:33:16 Entered queue to transfer output files
...
040 (525281.000.000) 11/29 11:42:38 Started transferring output files
...
040 (525281.000.000) 11/29 11:42:46 Finished transferring output files
...
005 (525281.000.000) 11/29 11:42:56 Job terminated.
	(1) Normal termination (return value 1)
		Usr 1 04:25:53, Sys 0 00:38:24  -  Run Remote Usage
		Usr 0 00:00:00, Sys 0 00:00:00  -  Run Local Usage
		Usr 1 04:25:53, Sys 0 00:38:24  -  Total Remote Usage
		Usr 0 00:00:00, Sys 0 00:00:00  -  Total Local Usage
	4517569  -  Run Bytes Sent By Job
	208  -  Run Bytes Received By Job
	4517569  -  Total Bytes Sent By Job
	208  -  Total Bytes Received By Job
	Partitionable Resources :    Usage  Request Allocated 
	   Cpus                 :        0       15        15 
	   Disk (KB)            :     4440        1   3000811 
	   Memory (MB)          :    15741    30720     30800 

	Job terminated of its own accord at 2022-11-29T10:33:10Z.
...
