000 (6543337.000.000) 11/29 15:19:22 Job submitted from host: <188.185.114.121:9618?addrs=188.185.114.121-9618+[2001-1458-d00-a--100-273]-9618&alias=bigbird19.cern.ch&noUDP&sock=schedd_1960_f9b7>
...
040 (6543337.000.000) 11/29 15:21:52 Started transferring input files
	Transferring to host: <128.142.248.189:9618?addrs=128.142.248.189-9618&alias=b7g23p5489.cern.ch&noUDP&sock=slot1_1_10756_532e_32246>
...
040 (6543337.000.000) 11/29 15:21:52 Finished transferring input files
...
001 (6543337.000.000) 11/29 15:21:52 Job executing on host: <128.142.248.189:9618?addrs=128.142.248.189-9618&alias=b7g23p5489.cern.ch&noUDP&sock=startd_9594_43b5>
...
006 (6543337.000.000) 11/29 15:22:01 Image size of job updated: 271876
	32  -  MemoryUsage of job (MB)
	32060  -  ResidentSetSize of job (KB)
...
006 (6543337.000.000) 11/29 15:27:02 Image size of job updated: 172154112
	4547  -  MemoryUsage of job (MB)
	4655328  -  ResidentSetSize of job (KB)
...
006 (6543337.000.000) 11/29 15:32:02 Image size of job updated: 172154112
	6367  -  MemoryUsage of job (MB)
	6518892  -  ResidentSetSize of job (KB)
...
006 (6543337.000.000) 11/29 15:52:03 Image size of job updated: 172154112
	6458  -  MemoryUsage of job (MB)
	6612056  -  ResidentSetSize of job (KB)
...
006 (6543337.000.000) 11/29 16:22:08 Image size of job updated: 172154112
	7079  -  MemoryUsage of job (MB)
	7248432  -  ResidentSetSize of job (KB)
...
006 (6543337.000.000) 11/29 16:32:08 Image size of job updated: 172154112
	7081  -  MemoryUsage of job (MB)
	7250068  -  ResidentSetSize of job (KB)
...
006 (6543337.000.000) 11/29 16:37:09 Image size of job updated: 172154112
	7130  -  MemoryUsage of job (MB)
	7300760  -  ResidentSetSize of job (KB)
...
006 (6543337.000.000) 11/29 16:42:10 Image size of job updated: 172154112
	7426  -  MemoryUsage of job (MB)
	7603812  -  ResidentSetSize of job (KB)
...
006 (6543337.000.000) 11/29 16:52:10 Image size of job updated: 172154112
	7705  -  MemoryUsage of job (MB)
	7889708  -  ResidentSetSize of job (KB)
...
006 (6543337.000.000) 11/29 16:57:11 Image size of job updated: 172154112
	8406  -  MemoryUsage of job (MB)
	8607608  -  ResidentSetSize of job (KB)
...
006 (6543337.000.000) 11/29 17:02:12 Image size of job updated: 172154112
	8411  -  MemoryUsage of job (MB)
	8612352  -  ResidentSetSize of job (KB)
...
006 (6543337.000.000) 11/29 17:07:12 Image size of job updated: 172154112
	8573  -  MemoryUsage of job (MB)
	8777980  -  ResidentSetSize of job (KB)
...
006 (6543337.000.000) 11/29 17:12:12 Image size of job updated: 172154112
	8575  -  MemoryUsage of job (MB)
	8780800  -  ResidentSetSize of job (KB)
...
006 (6543337.000.000) 11/29 17:17:13 Image size of job updated: 172154112
	8937  -  MemoryUsage of job (MB)
	9151288  -  ResidentSetSize of job (KB)
...
006 (6543337.000.000) 11/29 17:22:14 Image size of job updated: 172154112
	9111  -  MemoryUsage of job (MB)
	9329440  -  ResidentSetSize of job (KB)
...
006 (6543337.000.000) 11/29 17:32:15 Image size of job updated: 172154112
	9163  -  MemoryUsage of job (MB)
	9381992  -  ResidentSetSize of job (KB)
...
006 (6543337.000.000) 11/29 17:37:15 Image size of job updated: 172154112
	9284  -  MemoryUsage of job (MB)
	9506728  -  ResidentSetSize of job (KB)
...
006 (6543337.000.000) 11/29 17:42:16 Image size of job updated: 172154112
	9424  -  MemoryUsage of job (MB)
	9649408  -  ResidentSetSize of job (KB)
...
006 (6543337.000.000) 11/29 17:47:17 Image size of job updated: 172154112
	9527  -  MemoryUsage of job (MB)
	9755020  -  ResidentSetSize of job (KB)
...
006 (6543337.000.000) 11/29 17:52:17 Image size of job updated: 172154112
	9591  -  MemoryUsage of job (MB)
	9820944  -  ResidentSetSize of job (KB)
...
006 (6543337.000.000) 11/29 17:57:17 Image size of job updated: 172154112
	9726  -  MemoryUsage of job (MB)
	9958864  -  ResidentSetSize of job (KB)
...
006 (6543337.000.000) 11/29 18:02:18 Image size of job updated: 172154112
	9866  -  MemoryUsage of job (MB)
	10101780  -  ResidentSetSize of job (KB)
...
006 (6543337.000.000) 11/29 18:12:19 Image size of job updated: 172154112
	10180  -  MemoryUsage of job (MB)
	10424296  -  ResidentSetSize of job (KB)
...
006 (6543337.000.000) 11/29 18:17:19 Image size of job updated: 172154112
	10239  -  MemoryUsage of job (MB)
	10484028  -  ResidentSetSize of job (KB)
...
006 (6543337.000.000) 11/29 18:22:20 Image size of job updated: 172154112
	10405  -  MemoryUsage of job (MB)
	10653700  -  ResidentSetSize of job (KB)
...
006 (6543337.000.000) 11/29 18:27:21 Image size of job updated: 172154112
	10523  -  MemoryUsage of job (MB)
	10774696  -  ResidentSetSize of job (KB)
...
006 (6543337.000.000) 11/29 18:32:21 Image size of job updated: 172154112
	10720  -  MemoryUsage of job (MB)
	10976564  -  ResidentSetSize of job (KB)
...
006 (6543337.000.000) 11/29 18:37:21 Image size of job updated: 172154112
	10773  -  MemoryUsage of job (MB)
	11030616  -  ResidentSetSize of job (KB)
...
006 (6543337.000.000) 11/29 18:42:22 Image size of job updated: 172154112
	10884  -  MemoryUsage of job (MB)
	11144800  -  ResidentSetSize of job (KB)
...
006 (6543337.000.000) 11/29 18:52:22 Image size of job updated: 172154112
	11073  -  MemoryUsage of job (MB)
	11338044  -  ResidentSetSize of job (KB)
...
006 (6543337.000.000) 11/29 18:57:23 Image size of job updated: 172154112
	11316  -  MemoryUsage of job (MB)
	11586752  -  ResidentSetSize of job (KB)
...
006 (6543337.000.000) 11/29 19:02:24 Image size of job updated: 172154112
	11934  -  MemoryUsage of job (MB)
	12219504  -  ResidentSetSize of job (KB)
...
006 (6543337.000.000) 11/29 19:17:25 Image size of job updated: 172154112
	12069  -  MemoryUsage of job (MB)
	12358192  -  ResidentSetSize of job (KB)
...
006 (6543337.000.000) 11/29 19:22:26 Image size of job updated: 172154112
	12181  -  MemoryUsage of job (MB)
	12472992  -  ResidentSetSize of job (KB)
...
006 (6543337.000.000) 11/29 19:27:26 Image size of job updated: 172154112
	12391  -  MemoryUsage of job (MB)
	12688344  -  ResidentSetSize of job (KB)
...
006 (6543337.000.000) 11/29 19:32:26 Image size of job updated: 172154112
	12525  -  MemoryUsage of job (MB)
	12824728  -  ResidentSetSize of job (KB)
...
006 (6543337.000.000) 11/29 19:37:27 Image size of job updated: 172154112
	12689  -  MemoryUsage of job (MB)
	12993388  -  ResidentSetSize of job (KB)
...
006 (6543337.000.000) 11/29 19:42:28 Image size of job updated: 172154112
	12748  -  MemoryUsage of job (MB)
	13053564  -  ResidentSetSize of job (KB)
...
006 (6543337.000.000) 11/29 19:47:28 Image size of job updated: 172154112
	12853  -  MemoryUsage of job (MB)
	13161088  -  ResidentSetSize of job (KB)
...
006 (6543337.000.000) 11/29 19:52:28 Image size of job updated: 172154112
	12921  -  MemoryUsage of job (MB)
	13230708  -  ResidentSetSize of job (KB)
...
006 (6543337.000.000) 11/29 19:57:29 Image size of job updated: 172154112
	13118  -  MemoryUsage of job (MB)
	13432620  -  ResidentSetSize of job (KB)
...
006 (6543337.000.000) 11/29 20:02:30 Image size of job updated: 172154112
	13201  -  MemoryUsage of job (MB)
	13517200  -  ResidentSetSize of job (KB)
...
006 (6543337.000.000) 11/29 20:07:30 Image size of job updated: 172154112
	13332  -  MemoryUsage of job (MB)
	13651312  -  ResidentSetSize of job (KB)
...
006 (6543337.000.000) 11/29 20:12:30 Image size of job updated: 172154112
	13415  -  MemoryUsage of job (MB)
	13736392  -  ResidentSetSize of job (KB)
...
006 (6543337.000.000) 11/29 20:17:31 Image size of job updated: 172154112
	13596  -  MemoryUsage of job (MB)
	13922300  -  ResidentSetSize of job (KB)
...
006 (6543337.000.000) 11/29 20:22:31 Image size of job updated: 172154112
	13908  -  MemoryUsage of job (MB)
	14241204  -  ResidentSetSize of job (KB)
...
006 (6543337.000.000) 11/29 20:27:31 Image size of job updated: 172154112
	14058  -  MemoryUsage of job (MB)
	14395208  -  ResidentSetSize of job (KB)
...
006 (6543337.000.000) 11/29 20:32:32 Image size of job updated: 172154112
	14287  -  MemoryUsage of job (MB)
	14629304  -  ResidentSetSize of job (KB)
...
006 (6543337.000.000) 11/29 20:42:33 Image size of job updated: 172154112
	14447  -  MemoryUsage of job (MB)
	14793156  -  ResidentSetSize of job (KB)
...
006 (6543337.000.000) 11/29 20:52:35 Image size of job updated: 172154112
	14565  -  MemoryUsage of job (MB)
	14914116  -  ResidentSetSize of job (KB)
...
006 (6543337.000.000) 11/29 20:57:35 Image size of job updated: 172154112
	14785  -  MemoryUsage of job (MB)
	15139088  -  ResidentSetSize of job (KB)
...
006 (6543337.000.000) 11/29 21:02:35 Image size of job updated: 172154112
	14961  -  MemoryUsage of job (MB)
	15319180  -  ResidentSetSize of job (KB)
...
006 (6543337.000.000) 11/29 21:07:36 Image size of job updated: 172154112
	15033  -  MemoryUsage of job (MB)
	15393380  -  ResidentSetSize of job (KB)
...
006 (6543337.000.000) 11/29 21:12:37 Image size of job updated: 172154112
	15320  -  MemoryUsage of job (MB)
	15686976  -  ResidentSetSize of job (KB)
...
006 (6543337.000.000) 11/29 21:17:37 Image size of job updated: 172154112
	15448  -  MemoryUsage of job (MB)
	15818704  -  ResidentSetSize of job (KB)
...
006 (6543337.000.000) 11/29 21:22:37 Image size of job updated: 172154112
	15522  -  MemoryUsage of job (MB)
	15893768  -  ResidentSetSize of job (KB)
...
006 (6543337.000.000) 11/29 21:27:38 Image size of job updated: 172154112
	15666  -  MemoryUsage of job (MB)
	16041692  -  ResidentSetSize of job (KB)
...
006 (6543337.000.000) 11/29 21:32:39 Image size of job updated: 172154112
	15733  -  MemoryUsage of job (MB)
	16109652  -  ResidentSetSize of job (KB)
...
006 (6543337.000.000) 11/29 21:37:39 Image size of job updated: 172154112
	15789  -  MemoryUsage of job (MB)
	16167380  -  ResidentSetSize of job (KB)
...
006 (6543337.000.000) 11/29 21:52:41 Image size of job updated: 172154112
	15799  -  MemoryUsage of job (MB)
	16177552  -  ResidentSetSize of job (KB)
...
006 (6543337.000.000) 11/29 21:57:41 Image size of job updated: 172154112
	15848  -  MemoryUsage of job (MB)
	16227780  -  ResidentSetSize of job (KB)
...
006 (6543337.000.000) 11/29 22:02:41 Image size of job updated: 172154112
	15918  -  MemoryUsage of job (MB)
	16299692  -  ResidentSetSize of job (KB)
...
006 (6543337.000.000) 11/29 23:12:50 Image size of job updated: 172154112
	16042  -  MemoryUsage of job (MB)
	16426576  -  ResidentSetSize of job (KB)
...
006 (6543337.000.000) 11/29 23:17:50 Image size of job updated: 172154112
	16059  -  MemoryUsage of job (MB)
	16443660  -  ResidentSetSize of job (KB)
...
006 (6543337.000.000) 11/29 23:22:51 Image size of job updated: 172154112
	16244  -  MemoryUsage of job (MB)
	16633540  -  ResidentSetSize of job (KB)
...
006 (6543337.000.000) 11/29 23:32:53 Image size of job updated: 172154112
	16262  -  MemoryUsage of job (MB)
	16652020  -  ResidentSetSize of job (KB)
...
006 (6543337.000.000) 11/29 23:57:55 Image size of job updated: 172154112
	16374  -  MemoryUsage of job (MB)
	16766764  -  ResidentSetSize of job (KB)
...
006 (6543337.000.000) 11/30 00:07:57 Image size of job updated: 172154112
	16430  -  MemoryUsage of job (MB)
	16824148  -  ResidentSetSize of job (KB)
...
040 (6543337.000.000) 11/30 00:10:30 Started transferring output files
...
040 (6543337.000.000) 11/30 00:10:32 Finished transferring output files
...
005 (6543337.000.000) 11/30 00:10:32 Job terminated.
	(1) Normal termination (return value 1)
		Usr 1 00:40:56, Sys 0 00:40:22  -  Run Remote Usage
		Usr 0 00:00:00, Sys 0 00:00:00  -  Run Local Usage
		Usr 1 00:40:56, Sys 0 00:40:22  -  Total Remote Usage
		Usr 0 00:00:00, Sys 0 00:00:00  -  Total Local Usage
	5615564  -  Run Bytes Sent By Job
	208  -  Run Bytes Received By Job
	5615564  -  Total Bytes Sent By Job
	208  -  Total Bytes Received By Job
	Partitionable Resources :    Usage  Request Allocated 
	   Cpus                 :     2.97       24        24 
	   Disk (KB)            :  5512           1   3141687 
	   Memory (MB)          : 16430       40000     40000 

	Job terminated of its own accord at 2022-11-29T23:10:30Z.
...
